android/build/intermediates/manifest_merge_blame_file/debug/manifest-merger-blame-debug-report.txt
1<?xml version="1.0" encoding="utf-8"?>
2<manifest xmlns:android="http://schemas.android.com/apk/res/android"
3    package="com.salyin.muzos"
4    android:versionCode="1"
5    android:versionName="1.0" >
6
7    <uses-sdk
8        android:minSdkVersion="17"
8-->SlayinMuzos\android\AndroidManifest.xml
9        android:targetSdkVersion="29" />
9-->SlayinMuzos\android\AndroidManifest.xml
10
11    <application
11-->SlayinMuzos\android\AndroidManifest.xml:5:5-26:19
12        android:allowBackup="true"
12-->SlayinMuzos\android\AndroidManifest.xml:6:9-35
13        android:appCategory="game"
13-->SlayinMuzos\android\AndroidManifest.xml:7:9-35
14        android:appComponentFactory="android.support.v4.app.CoreComponentFactory"
14-->[com.android.support:support-compat:28.0.0] AndroidManifest.xml:22:18-91
15        android:debuggable="true"
16        android:icon="@drawable/logo_slayin"
16-->SlayinMuzos\android\AndroidManifest.xml:8:9-45
17        android:isGame="true"
17-->SlayinMuzos\android\AndroidManifest.xml:9:9-30
18        android:label="@string/app_name"
18-->SlayinMuzos\android\AndroidManifest.xml:10:9-41
19        android:theme="@style/Theme.AppCompat.DayNight.NoActionBar" >
19-->SlayinMuzos\android\AndroidManifest.xml:11:9-68
20        <activity
20-->SlayinMuzos\android\AndroidManifest.xml:12:9-20:20
21            android:name="com.salyin.muzos.MainMenu"
21-->SlayinMuzos\android\AndroidManifest.xml:12:19-43
22            android:screenOrientation="landscape"
22-->SlayinMuzos\android\AndroidManifest.xml:13:19-56
23            android:theme="@style/Theme.AppCompat.NoActionBar" >
23-->SlayinMuzos\android\AndroidManifest.xml:14:19-69
24            <intent-filter>
24-->SlayinMuzos\android\AndroidManifest.xml:15:13-19:29
25                <action android:name="android.intent.action.MAIN" />
25-->SlayinMuzos\android\AndroidManifest.xml:16:17-69
25-->SlayinMuzos\android\AndroidManifest.xml:16:25-66
26
27                <category android:name="android.intent.category.LAUNCHER" />
27-->SlayinMuzos\android\AndroidManifest.xml:18:17-77
27-->SlayinMuzos\android\AndroidManifest.xml:18:27-74
28            </intent-filter>
29        </activity>
30        <activity
30-->SlayinMuzos\android\AndroidManifest.xml:21:9-25:62
31            android:name="com.salyin.muzos.AndroidLauncher"
31-->SlayinMuzos\android\AndroidManifest.xml:22:13-44
32            android:configChanges="keyboard|keyboardHidden|navigation|orientation|screenSize|screenLayout"
32-->SlayinMuzos\android\AndroidManifest.xml:23:13-107
33            android:label="@string/app_name"
33-->SlayinMuzos\android\AndroidManifest.xml:24:13-45
34            android:screenOrientation="landscape" />
34-->SlayinMuzos\android\AndroidManifest.xml:25:13-50
35    </application>
36
37</manifest>